<?xml version="1.0" encoding="UTF-8"?>
<!-- Generated by org.testng.reporters.JUnitXMLReporter -->
<testsuite ignored="0" hostname="LAPTOP-E0D9TSCP" failures="0" tests="3" name="Default test" time="26.321" errors="0" timestamp="2024-08-13T10:02:08 IST">
  <testcase classname="CoverFoxTest.TestClass" name="f" time="0.157"/>
  <testcase classname="CoverFoxTest.TestClass" name="validateBanners" time="0.256"/>
  <testcase classname="CoverFoxTest.TestClass" name="validatePresenceOfSortDropdown" time="0.236"/>
</testsuite> <!-- Default test -->
