<?xml version="1.0" encoding="UTF-8"?>
<!-- Generated by org.testng.reporters.JUnitXMLReporter -->
<testsuite ignored="0" hostname="LAPTOP-E0D9TSCP" failures="0" tests="3" name="Test" time="31.836" errors="0" timestamp="2024-08-16T12:06:14 IST">
  <testcase classname="CoverFoxTest.TestClass" name="f" time="0.179"/>
  <testcase classname="CoverFoxTest.TestClass" name="validateBanners" time="0.342"/>
  <testcase classname="CoverFoxTest.TestClass" name="validatePresenceOfSortDropdown" time="0.25"/>
</testsuite> <!-- Test -->
