<?xml version="1.0" encoding="UTF-8"?>
<testsuite xmlns:xsi="http://www.w3.org/2001/XMLSchema-instance" xsi:noNamespaceSchemaLocation="https://maven.apache.org/surefire/maven-surefire-plugin/xsd/surefire-test-report.xsd" version="3.0.2" name="TestSuite" time="33.229" tests="3" errors="0" skipped="0" failures="0">
  <properties>
[...]
</properties>
  <testcase name="f" classname="CoverFoxTest.TestClass" time="0.178">
    <system-out><![CDATA[Launchig the browser
Click on get started
Click on next button
2024-08-16T06:36:04.218910900Z main ERROR Log4j2 could not find a logging implementation. Please add log4j-core to the classpath. Using SimpleLogger to log to the console...
Select age
Click on next button
enter pincode
enter mobileNo
Click on Continue Btn
 INFO [main] (TestClass.java:41)- Hello
]]></system-out>
    <system-err><![CDATA[SLF4J(W): No SLF4J providers were found.
SLF4J(W): Defaulting to no-operation (NOP) logger implementation
SLF4J(W): See https://www.slf4j.org/codes.html#noProviders for further details.
Aug 16, 2024 12:05:46 PM org.openqa.selenium.devtools.CdpVersionFinder findNearestMatch
WARNING: Unable to find an exact match for CDP version 127, returning the closest version; found: 126; Please update to a Selenium version that supports CDP version 127
]]></system-err>
  </testcase>
  <testcase name="validateBanners" classname="CoverFoxTest.TestClass" time="0.338">
    <system-out><![CDATA[Validating the no of banners on result page
Taking Screenshot
C:\Users\ADMIN\eclipse-workspace\CoverFoxTest\ScreenShotForMaven\
]]></system-out>
  </testcase>
  <testcase name="validatePresenceOfSortDropdown" classname="CoverFoxTest.TestClass" time="0.25">
    <system-out><![CDATA[Validating the presence of sort dropdown on result page
Taking Screenshot
C:\Users\ADMIN\eclipse-workspace\CoverFoxTest\ScreenShotForMaven\
]]></system-out>
  </testcase>
</testsuite>