<?xml version="1.0" encoding="UTF-8"?>
<testng-results ignored="0" total="3" passed="3" failed="0" skipped="0">
  <reporter-output>
    <line>
      <![CDATA[Launchig the browser]]>
    </line>
    <line>
      <![CDATA[Click on get started]]>
    </line>
    <line>
      <![CDATA[Click on next button]]>
    </line>
    <line>
      <![CDATA[Select age]]>
    </line>
    <line>
      <![CDATA[Click on next button]]>
    </line>
    <line>
      <![CDATA[enter pincode]]>
    </line>
    <line>
      <![CDATA[enter mobileNo]]>
    </line>
    <line>
      <![CDATA[Click on Continue Btn]]>
    </line>
    <line>
      <![CDATA[Validating the no of banners on result page]]>
    </line>
    <line>
      <![CDATA[Taking Screenshot]]>
    </line>
    <line>
      <![CDATA[Validating the presence of sort dropdown on result page]]>
    </line>
    <line>
      <![CDATA[Taking Screenshot]]>
    </line>
    <line>
      <![CDATA[Closing the browser]]>
    </line>
  </reporter-output>
  <suite started-at="2024-08-16T12:05:42 IST" name="Suite" finished-at="2024-08-16T12:06:14 IST" duration-ms="31836">
    <groups>
    </groups>
    <test started-at="2024-08-16T12:05:42 IST" name="Test" finished-at="2024-08-16T12:06:14 IST" duration-ms="31836">
      <class name="CoverFoxTest.TestClass">
        <test-method is-config="true" signature="openBrowser()[pri:0, instance:CoverFoxTest.TestClass@9597028]" started-at="2024-08-16T12:05:42 IST" name="openBrowser" finished-at="2024-08-16T12:05:53 IST" duration-ms="11319" status="PASS">
          <reporter-output>
            <line>
              <![CDATA[Launchig the browser]]>
            </line>
          </reporter-output>
        </test-method> <!-- openBrowser -->
        <test-method is-config="true" signature="preConditions()[pri:0, instance:CoverFoxTest.TestClass@9597028]" started-at="2024-08-16T12:05:53 IST" name="preConditions" finished-at="2024-08-16T12:06:10 IST" duration-ms="16521" status="PASS">
          <reporter-output>
            <line>
              <![CDATA[Click on get started]]>
            </line>
            <line>
              <![CDATA[Click on next button]]>
            </line>
            <line>
              <![CDATA[Select age]]>
            </line>
            <line>
              <![CDATA[Click on next button]]>
            </line>
            <line>
              <![CDATA[enter pincode]]>
            </line>
            <line>
              <![CDATA[enter mobileNo]]>
            </line>
            <line>
              <![CDATA[Click on Continue Btn]]>
            </line>
          </reporter-output>
        </test-method> <!-- preConditions -->
        <test-method signature="f()[pri:0, instance:CoverFoxTest.TestClass@9597028]" started-at="2024-08-16T12:06:10 IST" name="f" finished-at="2024-08-16T12:06:10 IST" duration-ms="179" status="PASS">
          <reporter-output>
          </reporter-output>
        </test-method> <!-- f -->
        <test-method signature="validateBanners()[pri:0, instance:CoverFoxTest.TestClass@9597028]" started-at="2024-08-16T12:06:10 IST" name="validateBanners" finished-at="2024-08-16T12:06:10 IST" duration-ms="342" status="PASS">
          <reporter-output>
            <line>
              <![CDATA[Validating the no of banners on result page]]>
            </line>
            <line>
              <![CDATA[Taking Screenshot]]>
            </line>
          </reporter-output>
        </test-method> <!-- validateBanners -->
        <test-method signature="validatePresenceOfSortDropdown()[pri:0, instance:CoverFoxTest.TestClass@9597028]" started-at="2024-08-16T12:06:10 IST" name="validatePresenceOfSortDropdown" finished-at="2024-08-16T12:06:11 IST" duration-ms="250" status="PASS">
          <reporter-output>
            <line>
              <![CDATA[Validating the presence of sort dropdown on result page]]>
            </line>
            <line>
              <![CDATA[Taking Screenshot]]>
            </line>
          </reporter-output>
        </test-method> <!-- validatePresenceOfSortDropdown -->
        <test-method is-config="true" signature="closeTheBrowser()[pri:0, instance:CoverFoxTest.TestClass@9597028]" started-at="2024-08-16T12:06:11 IST" name="closeTheBrowser" finished-at="2024-08-16T12:06:14 IST" duration-ms="3156" status="PASS">
          <reporter-output>
            <line>
              <![CDATA[Closing the browser]]>
            </line>
          </reporter-output>
        </test-method> <!-- closeTheBrowser -->
      </class> <!-- CoverFoxTest.TestClass -->
    </test> <!-- Test -->
  </suite> <!-- Suite -->
</testng-results>
